Arguments: 
  /Users/darpanrangari/.nvm/versions/node/v10.16.0/bin/node /usr/local/bin/yarn install

PATH: 
  /Users/darpanrangari/.nvm/versions/node/v10.16.0/bin:/usr/local/mysql/bin:/usr/local/bin:/usr/bin:/bin:/usr/sbin:/sbin:/Users/darpanrangari/Library/Android/sdk/emulator:/Users/darpanrangari/Library/Android/sdk/tools:/Users/darpanrangari/Library/Android/sdk/tools/bin:/Users/darpanrangari/Library/Android/sdk/platform-tools

Yarn version: 
  1.9.4

Node version: 
  10.16.0

Platform: 
  darwin x64

Trace: 
  Error: https://nexus.cards.sbx.zone/repository/npm/body-parser: ETIMEDOUT
      at Timeout._onTimeout (/usr/local/lib/node_modules/yarn/lib/cli.js:138128:19)
      at ontimeout (timers.js:436:11)
      at tryOnTimeout (timers.js:300:5)
      at listOnTimeout (timers.js:263:5)
      at Timer.processTimers (timers.js:223:10)

npm manifest: 
  {
    "name": "pharmacy",
    "version": "1.0.0",
    "description": "",
    "main": "server.js",
    "dependencies": {
      "body-parser": "^1.18.3",
      "express": "^4.16.4",
      "jade": "^1.11.0",
      "method-override": "^3.0.0",
      "morgan": "^1.9.1"
    },
    "devDependencies": {},
    "scripts": {
      "test": "echo \"Error: no test specified\" && exit 1",
      "start": "node server.js"
    },
    "contributors": [
      {
        "name": "Darpan Rangari",
        "email": "darpanrangari@gmail.com"
      }
    ],
    "author": "Darpan Rangari",
    "license": "ISC"
  }

yarn manifest: 
  No manifest

Lockfile: 
  No lockfile
